build/app/outputs/mapping/release/usage.txt
br.com.allc.imc.R$drawable
br.com.allc.imc.R$layout
br.com.allc.imc.R$string
br.com.allc.imc.R$color
br.com.allc.imc.R$integer
br.com.allc.imc.R$dimen
br.com.allc.imc.R$attr
br.com.allc.imc.BuildConfig
br.com.allc.imc.R$id
br.com.allc.imc.R
br.com.allc.imc.R$styleable
br.com.allc.imc.R$mipmap
br.com.allc.imc.R$style
...
androidx.lifecycle.SingleGeneratedAdapterObserver:
    void <init>(androidx.lifecycle.GeneratedAdapter)
androidx.core.view.OnApplyWindowInsetsListener
androidx.core.content.pm.PermissionInfoCompat$ProtectionFlags
androidx.versionedparcelable.R
androidx.core.app.NotificationManagerCompat
androidx.lifecycle.ClassesInfoCache$CallbackInfo:
    void <init>(java.util.Map)
    private static void invokeMethodsForEvent(java.util.List,androidx.lifecycle.LifecycleOwner,androidx.lifecycle.Lifecycle$Event,java.lang.Object)
    final java.util.Map mEventToHandlers
    final java.util.Map mHandlerToEvent
androidx.core.app.RemoteInput$Source
androidx.loader.app.LoaderManagerImpl$LoaderInfo
androidx.core.provider.FontsContractCompat$FontRequestCallback$FontRequestFailReason
androidx.core.app.NotificationManagerCompat$CancelTask
androidx.lifecycle.ComputableLiveData$1
androidx.core.util.LogWriter
androidx.collection.ArraySet
androidx.core.text.util.LinkifyCompat$1
androidx.fragment.app.FragmentManagerImpl$StartEnterTransitionListener
androidx.core.app.NotificationCompat$Builder
androidx.core.net.ConnectivityManagerCompat$RestrictBackgroundStatus
io.flutter.plugin.platform.PlatformPlugin:
    public void <init>(android.app.Activity,io.flutter.embedding.engine.systemchannels.PlatformChannel)
    public static final int DEFAULT_SYSTEM_UI
    private static final java.lang.String TAG
androidx.core.util.Pools
androidx.core.os.OperationCanceledException
androidx.annotation.MenuRes
androidx.core.graphics.TypefaceCompatApi21Impl
androidx.fragment.app.FragmentManagerViewModel$1
androidx.savedstate.SavedStateRegistry:
    void <init>()
    public void registerSavedStateProvider(java.lang.String,androidx.savedstate.SavedStateRegistry$SavedStateProvider)
    public void unregisterSavedStateProvider(java.lang.String)
    public boolean isRestored()
    public void runOnNextRecreation(java.lang.Class)
    void performRestore(androidx.lifecycle.Lifecycle,android.os.Bundle)
    void performSave(android.os.Bundle)
    private androidx.arch.core.internal.SafeIterableMap mComponents
    private android.os.Bundle mRestoredState
    private boolean mRestored
    private androidx.savedstate.Recreator$SavedStateProvider mRecreatorProvider
    private static final java.lang.String SAVED_COMPONENTS_KEY
androidx.lifecycle.LiveData$1
androidx.versionedparcelable.VersionedParcelize
io.flutter.plugin.platform.PlatformViewRegistry:
    public abstract boolean registerViewFactory(java.lang.String,io.flutter.plugin.platform.PlatformViewFactory)
androidx.fragment.app.FragmentTransitionCompat21$3
androidx.lifecycle.DefaultLifecycleObserver
io.flutter.embedding.engine.loader.ResourceExtractor$ExtractTask
io.flutter.embedding.android.FlutterTextureView:
    private static final java.lang.String TAG
androidx.loader.content.ModernAsyncTask$Status
androidx.core.view.ViewCompat
androidx.core.text.PrecomputedTextCompat$Params
androidx.lifecycle.ViewModelProvider$NewInstanceFactory
io.flutter.embedding.engine.plugins.shim.ShimPluginRegistry$1
androidx.fragment.app.FragmentManagerImpl$FragmentTag
androidx.lifecycle.ComputableLiveData
androidx.lifecycle.ViewModelProvider
androidx.core.os.CancellationSignal
androidx.core.app.NotificationCompat$BadgeIconType
androidx.core.text.TextDirectionHeuristicsCompat$FirstStrong
androidx.core.app.NotificationCompat$GroupAlertBehavior
androidx.core.graphics.drawable.RoundedBitmapDrawableFactory$DefaultRoundedBitmapDrawable
androidx.core.view.NestedScrollingParent2
androidx.loader.app.LoaderManagerImpl
androidx.loader.app.LoaderManager
androidx.activity.R$style
androidx.fragment.app.FragmentTransition$4
androidx.core.provider.SelfDestructiveThread$2
androidx.fragment.app.FragmentState
androidx.loader.R$integer
androidx.core.graphics.TypefaceCompatApi26Impl
androidx.core.app.JobIntentService$CommandProcessor
androidx.core.view.DragStartHelper$2
android.support.v4.os.IResultReceiver$Stub
androidx.arch.core.util.Function